<?xml version="1.0" encoding="UTF-8"?>
<!-- Generated by org.testng.reporters.JUnitReportReporter -->
<testsuite skipped="0" hostname="CBR-LAP-DEL2502" name="com.cloud.test.Finance.AP_PaySingleInvoiceInFull" tests="1" failures="0" timestamp="05 Mar 2019 10:14:52 GMT" time="129.581" errors="0">
  <testcase name="AP_Pay_Single_Inv_Full" time="129.581" classname="com.cloud.test.Finance.AP_PaySingleInvoiceInFull"/>
</testsuite> <!-- com.cloud.test.Finance.AP_PaySingleInvoiceInFull -->
