<?xml version="1.0" encoding="UTF-8"?>
<!-- Generated by org.testng.reporters.JUnitReportReporter -->
<testsuite skipped="0" hostname="CBR-LAP-DEL2502" name="com.cloud.test.Finance.GL_DeleteJournalBatch" tests="1" failures="0" timestamp="05 Feb 2019 09:30:53 GMT" time="52.272" errors="0">
  <testcase name="GL_Delete_Journal_Batch" time="52.272" classname="com.cloud.test.Finance.GL_DeleteJournalBatch"/>
</testsuite> <!-- com.cloud.test.Finance.GL_DeleteJournalBatch -->
