<?xml version="1.0" encoding="UTF-8"?>
<!-- Generated by org.testng.reporters.JUnitReportReporter -->
<testsuite skipped="0" hostname="CBR-LAP-DEL2502" name="com.cloud.test.Finance.AP_PostInvoiceToLedger_SingleInvoice" tests="1" failures="0" timestamp="05 Mar 2019 10:12:42 GMT" time="87.449" errors="0">
  <testcase name="AP_Post_Invoice_To_Ledger_Sngle" time="87.449" classname="com.cloud.test.Finance.AP_PostInvoiceToLedger_SingleInvoice"/>
</testsuite> <!-- com.cloud.test.Finance.AP_PostInvoiceToLedger_SingleInvoice -->
