<?xml version="1.0" encoding="UTF-8"?>
<!-- Generated by org.testng.reporters.JUnitReportReporter -->
<testsuite skipped="0" hostname="CBR-LAP-DEL2502" name="com.cloud.test.Finance.GL_Create_Auto_Reversal_Journal" tests="1" failures="0" timestamp="05 Feb 2019 09:37:21 GMT" time="80.570" errors="0">
  <testcase name="GL_Crt_Auto_Reversal_Jrnl" time="80.570" classname="com.cloud.test.Finance.GL_Create_Auto_Reversal_Journal"/>
</testsuite> <!-- com.cloud.test.Finance.GL_Create_Auto_Reversal_Journal -->
