<?xml version="1.0" encoding="UTF-8"?>
<!-- Generated by org.testng.reporters.JUnitReportReporter -->
<testsuite skipped="0" hostname="CBR-LAP-DEL2890" name="com.cloud.test.HCM.Phase2.PM_SharePerformanceDocumentswithEmployeebyManager" tests="1" failures="0" timestamp="14 Sep 2018 05:17:22 GMT" time="71.562" errors="0">
  <testcase name="PM_SharePDwithEmp_by_Mgr" time="71.562" classname="com.cloud.test.HCM.Phase2.PM_SharePerformanceDocumentswithEmployeebyManager"/>
</testsuite> <!-- com.cloud.test.HCM.Phase2.PM_SharePerformanceDocumentswithEmployeebyManager -->
