<?xml version="1.0" encoding="UTF-8"?>
<!-- Generated by org.testng.reporters.JUnitReportReporter -->
<testsuite skipped="0" hostname="CBR-LAP-DEL2502" name="com.cloud.test.Finance.TC_ManageAccountingPeriodsForPayablesToClose" tests="1" failures="0" timestamp="24 Jan 2019 08:26:35 GMT" time="78.201" errors="0">
  <testcase name="Cloud_Manage_Acc_Periods_Close" time="78.201" classname="com.cloud.test.Finance.TC_ManageAccountingPeriodsForPayablesToClose"/>
</testsuite> <!-- com.cloud.test.Finance.TC_ManageAccountingPeriodsForPayablesToClose -->
