<?xml version="1.0" encoding="UTF-8"?>
<!-- Generated by org.testng.reporters.JUnitReportReporter -->
<testsuite skipped="0" hostname="CBR-LAP-DEL2502" name="com.cloud.test.Finance.AP_Manage_Payment_Files_SubmittedforPrinting" tests="1" failures="0" timestamp="05 Mar 2019 11:04:03 GMT" time="147.700" errors="0">
  <testcase name="AP_Payment_File_Submit_Print" time="147.700" classname="com.cloud.test.Finance.AP_Manage_Payment_Files_SubmittedforPrinting"/>
</testsuite> <!-- com.cloud.test.Finance.AP_Manage_Payment_Files_SubmittedforPrinting -->
