<?xml version="1.0" encoding="UTF-8"?>
<!-- Generated by org.testng.reporters.JUnitReportReporter -->
<testsuite skipped="0" hostname="CBR-LAP-DEL2502" name="com.cloud.test.Finance.AP_Create_Electronic_Payment_Files" tests="1" failures="0" timestamp="05 Mar 2019 11:11:25 GMT" time="143.645" errors="0">
  <testcase name="AP_Create_Elec_Payment_Files" time="143.645" classname="com.cloud.test.Finance.AP_Create_Electronic_Payment_Files"/>
</testsuite> <!-- com.cloud.test.Finance.AP_Create_Electronic_Payment_Files -->
