<?xml version="1.0" encoding="UTF-8"?>
<!-- Generated by org.testng.reporters.JUnitReportReporter -->
<testsuite skipped="0" hostname="CBR-LAP-DEL2502" name="com.cloud.test.Finance.TC_CreateAccountingForInvoices" tests="1" failures="0" timestamp="24 Jan 2019 08:20:21 GMT" time="70.396" errors="0">
  <testcase name="Cloud_Create_Accounting_Invoice" time="70.396" classname="com.cloud.test.Finance.TC_CreateAccountingForInvoices"/>
</testsuite> <!-- com.cloud.test.Finance.TC_CreateAccountingForInvoices -->
