<?xml version="1.0" encoding="UTF-8"?>
<!-- Generated by org.testng.reporters.JUnitReportReporter -->
<testsuite skipped="0" hostname="CBR-LAP-DEL2502" name="com.cloud.test.Finance.AP_Payment_File_Register" tests="1" failures="0" timestamp="05 Mar 2019 11:14:43 GMT" time="196.680" errors="0">
  <testcase name="AP_Payment_File_Register" time="196.680" classname="com.cloud.test.Finance.AP_Payment_File_Register"/>
</testsuite> <!-- com.cloud.test.Finance.AP_Payment_File_Register -->
