<?xml version="1.0" encoding="UTF-8"?>
<!-- Generated by org.testng.reporters.JUnitReportReporter -->
<testsuite skipped="0" hostname="CBR-LAP-DEL2502" name="com.cloud.test.Finance.AP_PostInvoiceAsAccountInDraft" tests="1" failures="0" timestamp="05 Mar 2019 10:11:14 GMT" time="84.545" errors="0">
  <testcase name="AP_Post_Inv_Account_Draft" time="84.545" classname="com.cloud.test.Finance.AP_PostInvoiceAsAccountInDraft"/>
</testsuite> <!-- com.cloud.test.Finance.AP_PostInvoiceAsAccountInDraft -->
