<?xml version="1.0" encoding="UTF-8"?>
<!-- Generated by org.testng.reporters.JUnitReportReporter -->
<testsuite skipped="0" hostname="CBR-LAP-DEL2502" name="com.cloud.test.Finance.AP_SubmitPaymentProcessRequest" tests="1" failures="0" timestamp="05 Mar 2019 10:58:01 GMT" time="107.967" errors="0">
  <testcase name="AP_Submit_Pmnt_Prcs_Request" time="107.967" classname="com.cloud.test.Finance.AP_SubmitPaymentProcessRequest"/>
</testsuite> <!-- com.cloud.test.Finance.AP_SubmitPaymentProcessRequest -->
