<?xml version="1.0" encoding="UTF-8"?>
<!-- Generated by org.testng.reporters.JUnitReportReporter -->
<testsuite skipped="0" hostname="CBR-LAP-DEL2502" name="com.cloud.test.Finance.TC_CreateRegularTransaction" tests="1" failures="0" timestamp="24 Jan 2019 08:34:34 GMT" time="94.740" errors="0">
  <testcase name="Cloud_CreateRegular_Transaction" time="94.740" classname="com.cloud.test.Finance.TC_CreateRegularTransaction"/>
</testsuite> <!-- com.cloud.test.Finance.TC_CreateRegularTransaction -->
