<?xml version="1.0" encoding="UTF-8"?>
<!-- Generated by org.testng.reporters.JUnitReportReporter -->
<testsuite skipped="0" hostname="CBR-LAP-DEL2502" name="com.cloud.test.Finance.TC_ValidateSingleInvoice" tests="1" failures="0" timestamp="24 Jan 2019 08:15:05 GMT" time="121.899" errors="0">
  <testcase name="Cloud_Validate_Single_Invoice" time="121.899" classname="com.cloud.test.Finance.TC_ValidateSingleInvoice"/>
</testsuite> <!-- com.cloud.test.Finance.TC_ValidateSingleInvoice -->
