<?xml version="1.0" encoding="UTF-8"?>
<!-- Generated by org.testng.reporters.JUnitReportReporter -->
<testsuite skipped="0" hostname="CBR-LAP-DEL2502" name="com.cloud.test.Finance.AP_Create_Adjustment_Journal_for_specific_Invoice" tests="1" failures="0" timestamp="05 Mar 2019 10:39:21 GMT" time="203.864" errors="0">
  <testcase name="AP_Adj_Journal_Spec_Invoice" time="203.864" classname="com.cloud.test.Finance.AP_Create_Adjustment_Journal_for_specific_Invoice"/>
</testsuite> <!-- com.cloud.test.Finance.AP_Create_Adjustment_Journal_for_specific_Invoice -->
