<?xml version="1.0" encoding="UTF-8"?>
<!-- Generated by org.testng.reporters.JUnitReportReporter -->
<testsuite skipped="0" hostname="CBR-LAP-DEL2502" name="com.cloud.test.Finance.GL_ReverseJournal" tests="1" failures="0" timestamp="05 Feb 2019 09:34:06 GMT" time="96.971" errors="0">
  <testcase name="GL_Reverse_Journal" time="96.971" classname="com.cloud.test.Finance.GL_ReverseJournal"/>
</testsuite> <!-- com.cloud.test.Finance.GL_ReverseJournal -->
