<?xml version="1.0" encoding="UTF-8"?>
<!-- Generated by org.testng.reporters.JUnitReportReporter -->
<testsuite skipped="0" hostname="CBR-LAP-DEL2502" name="com.cloud.test.Finance.Phase2.CM_Create_Payee" tests="1" failures="0" timestamp="29 Jan 2019 07:43:07 GMT" time="52.811" errors="0">
  <testcase name="Cloud_Create_Payee" time="52.811" classname="com.cloud.test.Finance.Phase2.CM_Create_Payee"/>
</testsuite> <!-- com.cloud.test.Finance.Phase2.CM_Create_Payee -->
