<?xml version="1.0" encoding="UTF-8"?>
<!-- Generated by org.testng.reporters.JUnitReportReporter -->
<testsuite skipped="0" hostname="CBR-LAP-DEL2502" name="com.cloud.test.Finance.GL_PostJournalOnline" tests="1" failures="0" timestamp="05 Feb 2019 09:26:31 GMT" time="51.940" errors="0">
  <testcase name="GL_Post_Journal_Online" time="51.940" classname="com.cloud.test.Finance.GL_PostJournalOnline"/>
</testsuite> <!-- com.cloud.test.Finance.GL_PostJournalOnline -->
