<?xml version="1.0" encoding="UTF-8"?>
<!-- Generated by org.testng.reporters.JUnitReportReporter -->
<testsuite skipped="0" hostname="CBR-LAP-DEL2502" name="com.cloud.test.Finance.AP_ValidateInvoicesInBatch" tests="1" failures="0" timestamp="05 Mar 2019 10:40:37 GMT" time="75.702" errors="0">
  <testcase name="AP_Validate_Invoices_InBatch" time="75.702" classname="com.cloud.test.Finance.AP_ValidateInvoicesInBatch"/>
</testsuite> <!-- com.cloud.test.Finance.AP_ValidateInvoicesInBatch -->
