<?xml version="1.0" encoding="UTF-8"?>
<!-- Generated by org.testng.reporters.JUnitReportReporter -->
<testsuite skipped="0" hostname="CBR-LAP-DEL2502" name="com.cloud.test.HCM.TC_MSS_Promote_an_Employee" tests="1" failures="0" timestamp="24 Jan 2019 09:48:37 GMT" time="170.080" errors="0">
  <testcase name="MSS_Promote_an_Employee" time="170.080" classname="com.cloud.test.HCM.TC_MSS_Promote_an_Employee"/>
</testsuite> <!-- com.cloud.test.HCM.TC_MSS_Promote_an_Employee -->
