<?xml version="1.0" encoding="UTF-8"?>
<!-- Generated by org.testng.reporters.JUnitReportReporter -->
<testsuite skipped="0" hostname="CBR-LAP-DEL2502" name="com.cloud.test.Finance.AP_SubmitPaymentProcessRequest_PaymentDocument_Electronic" tests="1" failures="0" timestamp="05 Mar 2019 11:09:01 GMT" time="135.051" errors="0">
  <testcase name="AP_Submit_Pmnt_Prcs_Request_Ele" time="135.051" classname="com.cloud.test.Finance.AP_SubmitPaymentProcessRequest_PaymentDocument_Electronic"/>
</testsuite> <!-- com.cloud.test.Finance.AP_SubmitPaymentProcessRequest_PaymentDocument_Electronic -->
