<?xml version="1.0" encoding="UTF-8"?>
<!-- Generated by org.testng.reporters.JUnitReportReporter -->
<testsuite skipped="0" hostname="CBR-LAP-DEL2502" name="com.cloud.test.HCM.TC_ESS_Manage_Document_Records" tests="1" failures="0" timestamp="24 Jan 2019 09:25:12 GMT" time="165.955" errors="0">
  <testcase name="ESS_Manage_Document_Records" time="165.955" classname="com.cloud.test.HCM.TC_ESS_Manage_Document_Records"/>
</testsuite> <!-- com.cloud.test.HCM.TC_ESS_Manage_Document_Records -->
