<?xml version="1.0" encoding="UTF-8"?>
<!-- Generated by org.testng.reporters.JUnitReportReporter -->
<testsuite skipped="0" hostname="CBR-LAP-DEL2502" name="com.cloud.test.Finance.AP_Generate_Invoice_aging_report" tests="1" failures="0" timestamp="05 Mar 2019 10:43:41 GMT" time="139.873" errors="0">
  <testcase name="AP_Generate_Inv_aging_report" time="139.873" classname="com.cloud.test.Finance.AP_Generate_Invoice_aging_report"/>
</testsuite> <!-- com.cloud.test.Finance.AP_Generate_Invoice_aging_report -->
