<?xml version="1.0" encoding="UTF-8"?>
<!-- Generated by org.testng.reporters.JUnitReportReporter -->
<testsuite skipped="0" hostname="CBR-LAP-DEL2502" name="com.cloud.test.Finance.AP_GeneratePayablesInvoiceRegister" tests="1" failures="0" timestamp="05 Mar 2019 10:46:16 GMT" time="153.784" errors="0">
  <testcase name="AP_Generate_Pay_Inv_register" time="153.784" classname="com.cloud.test.Finance.AP_GeneratePayablesInvoiceRegister"/>
</testsuite> <!-- com.cloud.test.Finance.AP_GeneratePayablesInvoiceRegister -->
