<?xml version="1.0" encoding="UTF-8"?>
<!-- Generated by org.testng.reporters.JUnitReportReporter -->
<testsuite skipped="0" hostname="CBR-LAP-DEL2502" name="com.cloud.test.Finance.TC_ApplyMissingConversionRates" tests="1" failures="0" timestamp="24 Jan 2019 08:18:07 GMT" time="41.410" errors="0">
  <testcase name="Cloud_Apply_Missing_Conv_Rates" time="41.410" classname="com.cloud.test.Finance.TC_ApplyMissingConversionRates"/>
</testsuite> <!-- com.cloud.test.Finance.TC_ApplyMissingConversionRates -->
