<?xml version="1.0" encoding="UTF-8"?>
<!-- Generated by org.testng.reporters.JUnitReportReporter -->
<testsuite skipped="0" hostname="CBR-LAP-DEL2502" name="com.cloud.test.Finance.AP_Create_Positive_Pay_File" tests="1" failures="0" timestamp="05 Mar 2019 10:56:13 GMT" time="102.513" errors="0">
  <testcase name="AP_Crt_Positive_Pay_File" time="102.513" classname="com.cloud.test.Finance.AP_Create_Positive_Pay_File"/>
</testsuite> <!-- com.cloud.test.Finance.AP_Create_Positive_Pay_File -->
