<?xml version="1.0" encoding="UTF-8"?>
<!-- Generated by org.testng.reporters.JUnitReportReporter -->
<testsuite skipped="0" hostname="CBR-LAP-DEL2502" name="com.cloud.test.Finance.AP_StandardInvoiceWithAttachment" tests="1" failures="0" timestamp="05 Mar 2019 10:48:34 GMT" time="138.070" errors="0">
  <testcase name="AP_Standard_Inv_Attachment" time="138.070" classname="com.cloud.test.Finance.AP_StandardInvoiceWithAttachment"/>
</testsuite> <!-- com.cloud.test.Finance.AP_StandardInvoiceWithAttachment -->
