<?xml version="1.0" encoding="UTF-8"?>
<!-- Generated by org.testng.reporters.JUnitReportReporter -->
<testsuite skipped="0" hostname="CBR-LAP-DEL2502" name="com.cloud.test.Finance.AR_Create_Customer" tests="1" failures="0" timestamp="11 Mar 2019 06:33:04 GMT" time="131.147" errors="0">
  <testcase name="AR_Create_Customer" time="131.147" classname="com.cloud.test.Finance.AR_Create_Customer"/>
</testsuite> <!-- com.cloud.test.Finance.AR_Create_Customer -->
