<?xml version="1.0" encoding="UTF-8"?>
<!-- Generated by org.testng.reporters.JUnitReportReporter -->
<testsuite skipped="0" hostname="CBR-LAP-DEL2502" name="com.cloud.test.Finance.TC_DepreciateAssets" tests="1" failures="0" timestamp="24 Jan 2019 08:41:30 GMT" time="35.765" errors="0">
  <testcase name="Cloud_Depreciate_Assets" time="35.765" classname="com.cloud.test.Finance.TC_DepreciateAssets"/>
</testsuite> <!-- com.cloud.test.Finance.TC_DepreciateAssets -->
