<?xml version="1.0" encoding="UTF-8"?>
<!-- Generated by org.testng.reporters.JUnitReportReporter -->
<testsuite skipped="0" hostname="CBR-LAP-DEL2502" name="com.cloud.test.HCM2.GM_Add_goals_from_GoalLibrary_by_an_Employee" tests="1" failures="0" timestamp="25 Jan 2019 06:32:58 GMT" time="79.015" errors="0">
  <testcase name="GM_Add_Goals_from_GL_by_Emp" time="79.015" classname="com.cloud.test.HCM2.GM_Add_goals_from_GoalLibrary_by_an_Employee"/>
</testsuite> <!-- com.cloud.test.HCM2.GM_Add_goals_from_GoalLibrary_by_an_Employee -->
