<?xml version="1.0" encoding="UTF-8"?>
<!-- Generated by org.testng.reporters.JUnitReportReporter -->
<testsuite skipped="0" hostname="CBR-LAP-DEL2502" name="com.cloud.test.Finance.Phase2.CM_Create_Bank_Account_Transfer" tests="1" failures="0" timestamp="31 Jan 2019 05:46:02 GMT" time="118.276" errors="0">
  <testcase name="Cloud_Create_Bank_Acc_Transfer" time="118.276" classname="com.cloud.test.Finance.Phase2.CM_Create_Bank_Account_Transfer"/>
</testsuite> <!-- com.cloud.test.Finance.Phase2.CM_Create_Bank_Account_Transfer -->
