<?xml version="1.0" encoding="UTF-8"?>
<!-- Generated by org.testng.reporters.JUnitReportReporter -->
<testsuite skipped="0" hostname="CBR-LAP-DEL2502" name="com.cloud.test.Finance.TC_AutoReconcialiation" tests="1" failures="0" timestamp="24 Jan 2019 08:39:55 GMT" time="53.531" errors="0">
  <testcase name="Cloud_Auto_Reconcialiation" time="53.531" classname="com.cloud.test.Finance.TC_AutoReconcialiation"/>
</testsuite> <!-- com.cloud.test.Finance.TC_AutoReconcialiation -->
