<?xml version="1.0" encoding="UTF-8"?>
<!-- Generated by org.testng.reporters.JUnitReportReporter -->
<testsuite skipped="0" hostname="CBR-LAP-DEL2502" name="com.cloud.test.HCM.TC_Manager_Rejects_Leave" tests="1" failures="0" timestamp="24 Jan 2019 09:38:25 GMT" time="58.953" errors="0">
  <testcase name="Manager_Applies_Leave" time="58.953" classname="com.cloud.test.HCM.TC_Manager_Rejects_Leave"/>
</testsuite> <!-- com.cloud.test.HCM.TC_Manager_Rejects_Leave -->
