<?xml version="1.0" encoding="UTF-8"?>
<!-- Generated by org.testng.reporters.JUnitReportReporter -->
<testsuite skipped="0" hostname="CBR-LAP-DEL2502" name="com.cloud.test.Finance.AP_VoidThePayment" tests="1" failures="0" timestamp="12 Feb 2019 11:16:32 GMT" time="107.602" errors="0">
  <testcase name="AP_Void_The_Payment" time="107.602" classname="com.cloud.test.Finance.AP_VoidThePayment"/>
</testsuite> <!-- com.cloud.test.Finance.AP_VoidThePayment -->
