<?xml version="1.0" encoding="UTF-8"?>
<!-- Generated by org.testng.reporters.JUnitReportReporter -->
<testsuite skipped="0" hostname="CBR-LAP-DEL2502" name="com.cloud.test.Finance.GL_Trial_Balance_Sheet_report" tests="1" failures="0" timestamp="06 Feb 2019 11:29:45 GMT" time="134.788" errors="0">
  <testcase name="GL_Trial_Balance_Sheet_report" time="134.788" classname="com.cloud.test.Finance.GL_Trial_Balance_Sheet_report"/>
</testsuite> <!-- com.cloud.test.Finance.GL_Trial_Balance_Sheet_report -->
