<?xml version="1.0" encoding="UTF-8"?>
<!-- Generated by org.testng.reporters.JUnitReportReporter -->
<testsuite skipped="0" hostname="CBR-LAP-DEL2502" name="com.cloud.util.DynamicTestNGSuite_Finance" tests="1" failures="0" timestamp="05 Mar 2019 11:18:05 GMT" time="4425.949" errors="0">
  <testcase name="setTestNGXml" time="4425.949" classname="com.cloud.util.DynamicTestNGSuite_Finance"/>
</testsuite> <!-- com.cloud.util.DynamicTestNGSuite_Finance -->
