<?xml version="1.0" encoding="UTF-8"?>
<!-- Generated by org.testng.reporters.JUnitReportReporter -->
<testsuite skipped="0" hostname="CBR-LAP-DEL2502" name="com.cloud.test.Finance.AP_CreateManualPayment_ReissuePayment" tests="1" failures="0" timestamp="05 Mar 2019 10:54:30 GMT" time="177.736" errors="0">
  <testcase name="AP_Create_Manual_Payment" time="177.736" classname="com.cloud.test.Finance.AP_CreateManualPayment_ReissuePayment"/>
</testsuite> <!-- com.cloud.test.Finance.AP_CreateManualPayment_ReissuePayment -->
