<?xml version="1.0" encoding="UTF-8"?>
<!-- Generated by org.testng.reporters.JUnitReportReporter -->
<testsuite skipped="0" hostname="CBR-LAP-DEL2502" name="com.cloud.test.Finance.AP_TerminatePaymentProcessRequest" tests="1" failures="0" timestamp="05 Mar 2019 11:06:46 GMT" time="69.758" errors="0">
  <testcase name="AP_Terminate_Pmt_Pro_Request" time="69.758" classname="com.cloud.test.Finance.AP_TerminatePaymentProcessRequest"/>
</testsuite> <!-- com.cloud.test.Finance.AP_TerminatePaymentProcessRequest -->
