<?xml version="1.0" encoding="UTF-8"?>
<!-- Generated by org.testng.reporters.JUnitReportReporter -->
<testsuite skipped="0" hostname="CBR-LAP-DEL2502" name="com.cloud.test.Finance.AP_CreateAccountingForInvoices" tests="1" failures="0" timestamp="05 Mar 2019 10:41:21 GMT" time="43.414" errors="0">
  <testcase name="AP_Create_Accounting_Invoice" time="43.414" classname="com.cloud.test.Finance.AP_CreateAccountingForInvoices"/>
</testsuite> <!-- com.cloud.test.Finance.AP_CreateAccountingForInvoices -->
