<?xml version="1.0" encoding="UTF-8"?>
<!-- Generated by org.testng.reporters.JUnitReportReporter -->
<testsuite skipped="0" hostname="CBR-LAP-DEL2502" name="com.cloud.test.Finance.TC_ImportBankStatement" tests="1" failures="0" timestamp="24 Jan 2019 08:38:11 GMT" time="88.403" errors="0">
  <testcase name="Cloud_Import_Bank_Statement" time="88.403" classname="com.cloud.test.Finance.TC_ImportBankStatement"/>
</testsuite> <!-- com.cloud.test.Finance.TC_ImportBankStatement -->
