<?xml version="1.0" encoding="UTF-8"?>
<!-- Generated by org.testng.reporters.JUnitReportReporter -->
<testsuite skipped="0" hostname="CBR-LAP-DEL2502" name="com.cloud.test.Finance.AP_Create_a_Standard_Invoice_withFreightLine" tests="2" failures="0" timestamp="08 Feb 2019 10:16:19 GMT" time="406.393" errors="0">
  <testcase name="AP_Create_Standard_Inv_Freight" time="222.136" classname="com.cloud.test.Finance.AP_Create_a_Standard_Invoice_withFreightLine"/>
  <testcase name="AP_Create_Standard_Inv_Freight" time="184.257" classname="com.cloud.test.Finance.AP_Create_a_Standard_Invoice_withFreightLine"/>
</testsuite> <!-- com.cloud.test.Finance.AP_Create_a_Standard_Invoice_withFreightLine -->
