<?xml version="1.0" encoding="UTF-8"?>
<!-- Generated by org.testng.reporters.JUnitReportReporter -->
<testsuite skipped="0" hostname="CBR-LAP-DEL2502" name="com.cloud.test.Finance.AP_Create_a_Standard_Invoice_with_2lines" tests="1" failures="0" timestamp="08 Mar 2019 06:18:34 GMT" time="153.665" errors="0">
  <testcase name="AP_Standard_Inv_2Lines" time="153.665" classname="com.cloud.test.Finance.AP_Create_a_Standard_Invoice_with_2lines"/>
</testsuite> <!-- com.cloud.test.Finance.AP_Create_a_Standard_Invoice_with_2lines -->
