<?xml version="1.0" encoding="UTF-8"?>
<!-- Generated by org.testng.reporters.JUnitReportReporter -->
<testsuite skipped="0" hostname="CBR-LAP-DEL2890" name="com.cloud.test.HCM.Phase2.PM_ProvideFinalPerformaceFeedback_by_Manager" tests="1" failures="0" timestamp="17 Sep 2018 05:08:40 GMT" time="78.849" errors="0">
  <testcase name="PM_ProvideFinalFeedback_by_Mgr" time="78.849" classname="com.cloud.test.HCM.Phase2.PM_ProvideFinalPerformaceFeedback_by_Manager"/>
</testsuite> <!-- com.cloud.test.HCM.Phase2.PM_ProvideFinalPerformaceFeedback_by_Manager -->
