<?xml version="1.0" encoding="UTF-8"?>
<!-- Generated by org.testng.reporters.JUnitReportReporter -->
<testsuite skipped="0" hostname="CBR-LAP-DEL2502" name="com.cloud.test.HCM.TC_Manager_Approves_Leave" tests="1" failures="0" timestamp="24 Jan 2019 09:37:25 GMT" time="40.606" errors="0">
  <testcase name="Manager_Applies_Leave" time="40.606" classname="com.cloud.test.HCM.TC_Manager_Approves_Leave"/>
</testsuite> <!-- com.cloud.test.HCM.TC_Manager_Approves_Leave -->
