<?xml version="1.0" encoding="UTF-8"?>
<!-- Generated by org.testng.reporters.JUnitReportReporter -->
<testsuite skipped="0" hostname="CBR-LAP-DEL2502" name="com.cloud.test.HCM.TC_MSS_Terminate_an_Employee" tests="1" failures="0" timestamp="24 Jan 2019 09:49:57 GMT" time="79.498" errors="0">
  <testcase name="MSS_Terminate_an_Employee" time="79.498" classname="com.cloud.test.HCM.TC_MSS_Terminate_an_Employee"/>
</testsuite> <!-- com.cloud.test.HCM.TC_MSS_Terminate_an_Employee -->
