<?xml version="1.0" encoding="UTF-8"?>
<!-- Generated by org.testng.reporters.JUnitReportReporter -->
<testsuite skipped="0" hostname="CBR-LAP-DEL2890" name="com.cloud.util.DynamicTestNGFinanceTemp" tests="1" failures="0" timestamp="04 Oct 2018 16:45:41 GMT" time="28.682" errors="0">
  <testcase name="setTestNGXml" time="28.682" classname="com.cloud.util.DynamicTestNGFinanceTemp"/>
</testsuite> <!-- com.cloud.util.DynamicTestNGFinanceTemp -->
