<?xml version="1.0" encoding="UTF-8"?>
<!-- Generated by org.testng.reporters.JUnitReportReporter -->
<testsuite skipped="0" hostname="CBR-LAP-DEL2502" name="com.cloud.test.Finance.AP_CreateManualPayment_VoidPayment" tests="1" failures="0" timestamp="05 Mar 2019 10:51:32 GMT" time="176.728" errors="0">
  <testcase name="AP_Create_Manual_Payment" time="176.728" classname="com.cloud.test.Finance.AP_CreateManualPayment_VoidPayment"/>
</testsuite> <!-- com.cloud.test.Finance.AP_CreateManualPayment_VoidPayment -->
