<?xml version="1.0" encoding="UTF-8"?>
<!-- Generated by org.testng.reporters.JUnitReportReporter -->
<testsuite skipped="0" hostname="CBR-LAP-DEL2502" name="com.cloud.test.HCM.TC_MSS_Change_Location" tests="1" failures="0" timestamp="24 Jan 2019 09:40:48 GMT" time="142.983" errors="0">
  <testcase name="MSS_Change_Location" time="142.983" classname="com.cloud.test.HCM.TC_MSS_Change_Location"/>
</testsuite> <!-- com.cloud.test.HCM.TC_MSS_Change_Location -->
