<?xml version="1.0" encoding="UTF-8"?>
<!-- Generated by org.testng.reporters.JUnitReportReporter -->
<testsuite skipped="0" hostname="CBR-LAP-DEL2502" name="com.cloud.test.Finance.GL_CreateAdjustmentTwoJournal" tests="1" failures="0" timestamp="05 Feb 2019 09:28:55 GMT" time="143.551" errors="0">
  <testcase name="GL_Create_Adjustment_Two_Jrnl" time="143.551" classname="com.cloud.test.Finance.GL_CreateAdjustmentTwoJournal"/>
</testsuite> <!-- com.cloud.test.Finance.GL_CreateAdjustmentTwoJournal -->
