<?xml version="1.0" encoding="UTF-8"?>
<!-- Generated by org.testng.reporters.JUnitReportReporter -->
<testsuite skipped="0" hostname="CBR-LAP-DEL2502" name="com.cloud.test.Finance.AP_PostInvoicesToLedger" tests="1" failures="0" timestamp="06 Feb 2019 09:05:51 GMT" time="53.771" errors="0">
  <testcase name="AP_Post_Invoices_To_Ledger" time="53.771" classname="com.cloud.test.Finance.AP_PostInvoicesToLedger"/>
</testsuite> <!-- com.cloud.test.Finance.AP_PostInvoicesToLedger -->
