<?xml version="1.0" encoding="UTF-8"?>
<!-- Generated by org.testng.reporters.JUnitReportReporter -->
<testsuite skipped="0" hostname="CBR-LAP-DEL2890" name="com.cloud.test.HCM.Phase2.PM_EvaluateDirectReports_by_Manager" tests="1" failures="0" timestamp="10 Sep 2018 13:11:34 GMT" time="163.528" errors="0">
  <testcase name="PM_EvaluateDirectReports_by_Mgr" time="163.528" classname="com.cloud.test.HCM.Phase2.PM_EvaluateDirectReports_by_Manager"/>
</testsuite> <!-- com.cloud.test.HCM.Phase2.PM_EvaluateDirectReports_by_Manager -->
