<?xml version="1.0" encoding="UTF-8"?>
<!-- Generated by org.testng.reporters.JUnitReportReporter -->
<testsuite skipped="0" hostname="CBR-LAP-DEL2502" name="com.cloud.test.Finance.AR_CreateRegularTransaction" tests="1" failures="0" timestamp="11 Mar 2019 06:59:35 GMT" time="103.250" errors="0">
  <testcase name="AR_CreateRegular_Transaction" time="103.250" classname="com.cloud.test.Finance.AR_CreateRegularTransaction"/>
</testsuite> <!-- com.cloud.test.Finance.AR_CreateRegularTransaction -->
