<?xml version="1.0" encoding="UTF-8"?>
<!-- Generated by org.testng.reporters.JUnitReportReporter -->
<testsuite skipped="0" hostname="CBR-LAP-DEL2502" name="com.cloud.test.HCM.TC_Update_Personal_Information" tests="1" failures="0" timestamp="24 Jan 2019 09:56:30 GMT" time="55.035" errors="0">
  <testcase name="Update_Personal_Details" time="55.035" classname="com.cloud.test.HCM.TC_Update_Personal_Information"/>
</testsuite> <!-- com.cloud.test.HCM.TC_Update_Personal_Information -->
