<?xml version="1.0" encoding="UTF-8"?>
<!-- Generated by org.testng.reporters.JUnitReportReporter -->
<testsuite skipped="0" hostname="CBR-LAP-DEL2502" name="com.cloud.test.Finance.AP_Payment_File_Accompanying_Letter" tests="1" failures="0" timestamp="05 Mar 2019 11:05:36 GMT" time="91.562" errors="0">
  <testcase name="AP_Payment_File_Acc_Letter" time="91.562" classname="com.cloud.test.Finance.AP_Payment_File_Accompanying_Letter"/>
</testsuite> <!-- com.cloud.test.Finance.AP_Payment_File_Accompanying_Letter -->
