<?xml version="1.0" encoding="UTF-8"?>
<!-- Generated by org.testng.reporters.JUnitReportReporter -->
<testsuite skipped="0" hostname="CBR-LAP-DEL2890" name="com.cloud.test.HCM.Phase2.GM_Assign_GoalPlan_to_an_Employee_by_HR" tests="1" failures="0" timestamp="10 Aug 2018 07:00:55 GMT" time="120.437" errors="0">
  <testcase name="GM_Assign_Goal_to_Emp_by_HR" time="120.437" classname="com.cloud.test.HCM.Phase2.GM_Assign_GoalPlan_to_an_Employee_by_HR"/>
</testsuite> <!-- com.cloud.test.HCM.Phase2.GM_Assign_GoalPlan_to_an_Employee_by_HR -->
