<?xml version="1.0" encoding="UTF-8"?>
<!-- Generated by org.testng.reporters.JUnitReportReporter -->
<testsuite skipped="0" hostname="CBR-LAP-DEL2502" name="com.cloud.test.Finance.TC_CreateBankStatement" tests="1" failures="0" timestamp="24 Jan 2019 08:36:42 GMT" time="65.742" errors="0">
  <testcase name="Cloud_Create_Bank_Statement" time="65.742" classname="com.cloud.test.Finance.TC_CreateBankStatement"/>
</testsuite> <!-- com.cloud.test.Finance.TC_CreateBankStatement -->
