<?xml version="1.0" encoding="UTF-8"?>
<!-- Generated by org.testng.reporters.JUnitReportReporter -->
<testsuite skipped="0" hostname="CBR-LAP-DEL2502" name="com.cloud.test.Finance.GL_Create_Cross_currency_Journal" tests="1" failures="0" timestamp="05 Feb 2019 09:39:28 GMT" time="126.301" errors="0">
  <testcase name="GL_Crt_Cross_currency_Jrnl" time="126.301" classname="com.cloud.test.Finance.GL_Create_Cross_currency_Journal"/>
</testsuite> <!-- com.cloud.test.Finance.GL_Create_Cross_currency_Journal -->
