<?xml version="1.0" encoding="UTF-8"?>
<!-- Generated by org.testng.reporters.JUnitReportReporter -->
<testsuite skipped="0" hostname="CBR-LAP-DEL2502" name="com.cloud.test.Finance.AP_Create_Adjustment_Journal_for_specific_Payment" tests="1" failures="0" timestamp="05 Mar 2019 11:17:08 GMT" time="145.101" errors="0">
  <testcase name="AP_Adj_Journal_Spec_Payment" time="145.101" classname="com.cloud.test.Finance.AP_Create_Adjustment_Journal_for_specific_Payment"/>
</testsuite> <!-- com.cloud.test.Finance.AP_Create_Adjustment_Journal_for_specific_Payment -->
