<?xml version="1.0" encoding="UTF-8"?>
<!-- Generated by org.testng.reporters.JUnitReportReporter -->
<testsuite skipped="0" hostname="CBR-LAP-DEL2502" name="com.cloud.test.Finance.GL_Process_Revaluation" tests="1" failures="0" timestamp="05 Feb 2019 09:40:42 GMT" time="73.280" errors="0">
  <testcase name="GL_Process_Revaluation" time="73.280" classname="com.cloud.test.Finance.GL_Process_Revaluation"/>
</testsuite> <!-- com.cloud.test.Finance.GL_Process_Revaluation -->
