<?xml version="1.0" encoding="UTF-8"?>
<!-- Generated by org.testng.reporters.JUnitReportReporter -->
<testsuite skipped="0" hostname="CBR-LAP-DEL2502" name="com.cloud.test.Finance.GL_CreateJournalWithAttachment" tests="1" failures="0" timestamp="05 Feb 2019 09:36:00 GMT" time="114.237" errors="0">
  <testcase name="GL_Create_Journal_Attachment" time="114.237" classname="com.cloud.test.Finance.GL_CreateJournalWithAttachment"/>
</testsuite> <!-- com.cloud.test.Finance.GL_CreateJournalWithAttachment -->
