<?xml version="1.0" encoding="UTF-8"?>
<!-- Generated by org.testng.reporters.JUnitReportReporter -->
<testsuite skipped="0" hostname="CBR-LAP-DEL2502" name="com.cloud.test.Finance.GL_IncompleteJournal" tests="1" failures="0" timestamp="05 Feb 2019 09:24:51 GMT" time="85.803" errors="0">
  <testcase name="GL_Incomplete_Journal" time="85.803" classname="com.cloud.test.Finance.GL_IncompleteJournal"/>
</testsuite> <!-- com.cloud.test.Finance.GL_IncompleteJournal -->
