<?xml version="1.0" encoding="UTF-8"?>
<!-- Generated by org.testng.reporters.JUnitReportReporter -->
<testsuite skipped="0" hostname="CBR-LAP-DEL2502" name="com.cloud.test.Finance.Phase2.FA_Capitalize_CIP_Assets" tests="1" failures="0" timestamp="29 Nov 2018 12:02:12 GMT" time="63.401" errors="0">
  <testcase name="Cloud_Capitalize_CIP_Assets" time="63.401" classname="com.cloud.test.Finance.Phase2.FA_Capitalize_CIP_Assets"/>
</testsuite> <!-- com.cloud.test.Finance.Phase2.FA_Capitalize_CIP_Assets -->
