<?xml version="1.0" encoding="UTF-8"?>
<!-- Generated by org.testng.reporters.JUnitReportReporter -->
<testsuite skipped="0" hostname="CBR-LAP-DEL2502" name="com.cloud.test.Finance.Phase2.CM_Create_External_Transactions" tests="1" failures="0" timestamp="31 Jan 2019 05:47:52 GMT" time="109.618" errors="0">
  <testcase name="Cloud_Create_Ext_Transactions" time="109.618" classname="com.cloud.test.Finance.Phase2.CM_Create_External_Transactions"/>
</testsuite> <!-- com.cloud.test.Finance.Phase2.CM_Create_External_Transactions -->
