<?xml version="1.0" encoding="UTF-8"?>
<!-- Generated by org.testng.reporters.JUnitReportReporter -->
<testsuite skipped="0" hostname="CBR-LAP-DEL2502" name="com.cloud.test.Finance.AP_CreatePrepaymentInvoice" tests="1" failures="0" timestamp="05 Mar 2019 10:23:52 GMT" time="146.376" errors="0">
  <testcase name="AP_Crt_Prepayment_Invoice" time="146.376" classname="com.cloud.test.Finance.AP_CreatePrepaymentInvoice"/>
</testsuite> <!-- com.cloud.test.Finance.AP_CreatePrepaymentInvoice -->
