<?xml version="1.0" encoding="UTF-8"?>
<!-- Generated by org.testng.reporters.JUnitReportReporter -->
<testsuite skipped="0" hostname="CBR-LAP-DEL2502" name="com.cloud.test.Finance.AP_CancelLineInInvoice" tests="1" failures="0" timestamp="05 Mar 2019 10:08:04 GMT" time="78.985" errors="0">
  <testcase name="AP_Cancel_Line_in_Invoice" time="78.985" classname="com.cloud.test.Finance.AP_CancelLineInInvoice"/>
</testsuite> <!-- com.cloud.test.Finance.AP_CancelLineInInvoice -->
