<?xml version="1.0" encoding="UTF-8"?>
<!-- Generated by org.testng.reporters.JUnitReportReporter -->
<testsuite skipped="0" hostname="CBR-LAP-DEL2502" name="com.cloud.test.Finance.GL_Create_Online_Journal_for_regular_expense" tests="1" failures="0" timestamp="05 Feb 2019 09:32:28 GMT" time="94.286" errors="0">
  <testcase name="GL_Crt_Online_Jrnl_Regular_Exp" time="94.286" classname="com.cloud.test.Finance.GL_Create_Online_Journal_for_regular_expense"/>
</testsuite> <!-- com.cloud.test.Finance.GL_Create_Online_Journal_for_regular_expense -->
