<?xml version="1.0" encoding="UTF-8"?>
<!-- Generated by org.testng.reporters.JUnitReportReporter -->
<testsuite skipped="0" hostname="CBR-LAP-DEL2502" name="com.cloud.util.DynamicTestNGSuite" tests="1" failures="0" timestamp="11 Jan 2019 07:13:01 GMT" time="416.655" errors="0">
  <testcase name="setTestNGXml" time="416.655" classname="com.cloud.util.DynamicTestNGSuite"/>
</testsuite> <!-- com.cloud.util.DynamicTestNGSuite -->
