<?xml version="1.0" encoding="UTF-8"?>
<!-- Generated by org.testng.reporters.JUnitReportReporter -->
<testsuite skipped="0" hostname="CBR-LAP-DEL2502" name="com.cloud.test.Finance.TC_PostInvoicesToLedger" tests="1" failures="0" timestamp="24 Jan 2019 08:13:03 GMT" time="52.471" errors="0">
  <testcase name="Cloud_Post_Invoices_To_Ledger" time="52.471" classname="com.cloud.test.Finance.TC_PostInvoicesToLedger"/>
</testsuite> <!-- com.cloud.test.Finance.TC_PostInvoicesToLedger -->
