<?xml version="1.0" encoding="UTF-8"?>
<!-- Generated by org.testng.reporters.JUnitReportReporter -->
<testsuite skipped="0" hostname="CBR-LAP-DEL2502" name="com.cloud.util.DynamicTestNGSuite_Phase2" tests="1" failures="0" timestamp="14 Dec 2018 05:45:04 GMT" time="1255.436" errors="0">
  <testcase name="setTestNGXml" time="1255.436" classname="com.cloud.util.DynamicTestNGSuite_Phase2"/>
</testsuite> <!-- com.cloud.util.DynamicTestNGSuite_Phase2 -->
