<?xml version="1.0" encoding="UTF-8"?>
<!-- Generated by org.testng.reporters.JUnitReportReporter -->
<testsuite skipped="0" hostname="CBR-LAP-DEL2502" name="com.cloud.test.Finance.AP_Create_Debit_Memo" tests="1" failures="0" timestamp="05 Mar 2019 10:21:25 GMT" time="176.923" errors="0">
  <testcase name="AP_Create_Debit_Memo" time="176.923" classname="com.cloud.test.Finance.AP_Create_Debit_Memo"/>
</testsuite> <!-- com.cloud.test.Finance.AP_Create_Debit_Memo -->
