<?xml version="1.0" encoding="UTF-8"?>
<!-- Generated by org.testng.reporters.JUnitReportReporter -->
<testsuite skipped="0" hostname="CBR-LAP-DEL2502" name="com.cloud.test.Finance.AP_Create_Manual_Payment" tests="1" failures="0" timestamp="12 Feb 2019 14:02:16 GMT" time="127.214" errors="0">
  <testcase name="AP_Create_Manual_Payment" time="127.214" classname="com.cloud.test.Finance.AP_Create_Manual_Payment"/>
</testsuite> <!-- com.cloud.test.Finance.AP_Create_Manual_Payment -->
