<?xml version="1.0" encoding="UTF-8"?>
<!-- Generated by org.testng.reporters.JUnitReportReporter -->
<testsuite skipped="0" hostname="CBR-LAP-DEL2502" name="com.cloud.test.Finance.AP_Manage_Payment_Files_createdReadyForPrinting" tests="1" failures="0" timestamp="05 Mar 2019 11:01:35 GMT" time="79.976" errors="0">
  <testcase name="AP_Pmnt_File_CrtReady_Print" time="79.976" classname="com.cloud.test.Finance.AP_Manage_Payment_Files_createdReadyForPrinting"/>
</testsuite> <!-- com.cloud.test.Finance.AP_Manage_Payment_Files_createdReadyForPrinting -->
