<?xml version="1.0" encoding="UTF-8"?>
<!-- Generated by org.testng.reporters.JUnitReportReporter -->
<testsuite skipped="0" hostname="CBR-LAP-DEL2890" name="com.cloud.test.HCM.Phase2.GM_Update_Team_Goal_by_Manager" tests="1" failures="0" timestamp="07 Aug 2018 15:35:59 GMT" time="63.396" errors="0">
  <testcase name="GM_Update_Team_Goal_by_Mgr" time="63.396" classname="com.cloud.test.HCM.Phase2.GM_Update_Team_Goal_by_Manager"/>
</testsuite> <!-- com.cloud.test.HCM.Phase2.GM_Update_Team_Goal_by_Manager -->
