<?xml version="1.0" encoding="UTF-8"?>
<!-- Generated by org.testng.reporters.JUnitReportReporter -->
<testsuite hostname="CBR-LAP-DEL2443" name="com.cloud.util.DynamicTestNGSuite_Finance_Phase2" tests="1" failures="0" timestamp="23 May 2019 08:33:46 GMT" time="12.557" errors="0">
  <testcase name="setTestNGXml" time="12.557" classname="com.cloud.util.DynamicTestNGSuite_Finance_Phase2"/>
</testsuite> <!-- com.cloud.util.DynamicTestNGSuite_Finance_Phase2 -->
