<?xml version="1.0" encoding="UTF-8"?>
<!-- Generated by org.testng.reporters.JUnitReportReporter -->
<testsuite skipped="0" hostname="CBR-LAP-DEL2502" name="com.cloud.test.Finance.AP_CreateAccountingForPayments" tests="1" failures="0" timestamp="05 Mar 2019 11:18:05 GMT" time="55.820" errors="0">
  <testcase name="AP_Create_Accounting_Payment" time="55.820" classname="com.cloud.test.Finance.AP_CreateAccountingForPayments"/>
</testsuite> <!-- com.cloud.test.Finance.AP_CreateAccountingForPayments -->
