<?xml version="1.0" encoding="UTF-8"?>
<!-- Generated by org.testng.reporters.JUnitReportReporter -->
<testsuite skipped="0" hostname="CBR-LAP-DEL2502" name="com.cloud.test.Finance.GL_Complete_Journal" tests="1" failures="0" timestamp="05 Feb 2019 09:25:38 GMT" time="46.361" errors="0">
  <testcase name="GL_Complete_the_Journal" time="46.361" classname="com.cloud.test.Finance.GL_Complete_Journal"/>
</testsuite> <!-- com.cloud.test.Finance.GL_Complete_Journal -->
