<?xml version="1.0" encoding="UTF-8"?>
<!-- Generated by org.testng.reporters.JUnitReportReporter -->
<testsuite skipped="0" hostname="CBR-LAP-DEL2890" name="com.cloud.test.HCM.Phase2.GM_Update_Employee_Goals_by_HR" tests="1" failures="0" timestamp="07 Aug 2018 15:11:59 GMT" time="113.225" errors="0">
  <testcase name="GM_Update_Emp_Goals_by_HR" time="113.225" classname="com.cloud.test.HCM.Phase2.GM_Update_Employee_Goals_by_HR"/>
</testsuite> <!-- com.cloud.test.HCM.Phase2.GM_Update_Employee_Goals_by_HR -->
