<?xml version="1.0" encoding="UTF-8"?>
<!-- Generated by org.testng.reporters.JUnitReportReporter -->
<testsuite skipped="0" hostname="CBR-LAP-DEL2502" name="com.cloud.test.Finance.TC_ValidateInvoicesInBatch" tests="1" failures="0" timestamp="24 Jan 2019 08:19:11 GMT" time="63.340" errors="0">
  <testcase name="Cloud_Validate_Invoices_InBatch" time="63.340" classname="com.cloud.test.Finance.TC_ValidateInvoicesInBatch"/>
</testsuite> <!-- com.cloud.test.Finance.TC_ValidateInvoicesInBatch -->
