<?xml version="1.0" encoding="UTF-8"?>
<!-- Generated by org.testng.reporters.JUnitReportReporter -->
<testsuite skipped="0" hostname="CBR-LAP-DEL2890" name="com.cloud.test.HCM.Phase2.GM_Update_Own_Goals_by_an_Employee" tests="1" failures="0" timestamp="09 Aug 2018 14:43:47 GMT" time="69.617" errors="0">
  <testcase name="GM_Update_OwnGoals_by_Emp" time="69.617" classname="com.cloud.test.HCM.Phase2.GM_Update_Own_Goals_by_an_Employee"/>
</testsuite> <!-- com.cloud.test.HCM.Phase2.GM_Update_Own_Goals_by_an_Employee -->
