<?xml version="1.0" encoding="UTF-8"?>
<!-- Generated by org.testng.reporters.JUnitReportReporter -->
<testsuite skipped="0" hostname="CBR-LAP-DEL2502" name="com.cloud.util.DynamicTestNGSuite_HCM_Phase2" tests="1" failures="0" timestamp="14 Dec 2018 05:08:22 GMT" time="0.723" errors="0">
  <testcase name="setMasterTestNGXml" time="0.723" classname="com.cloud.util.DynamicTestNGSuite_HCM_Phase2"/>
</testsuite> <!-- com.cloud.util.DynamicTestNGSuite_HCM_Phase2 -->
