<?xml version="1.0" encoding="UTF-8"?>
<!-- Generated by org.testng.reporters.JUnitReportReporter -->
<testsuite skipped="0" hostname="CBR-LAP-DEL2502" name="com.cloud.test.Finance.TC_ReissueThePayment" tests="1" failures="0" timestamp="24 Jan 2019 08:30:30 GMT" time="91.448" errors="0">
  <testcase name="Cloud_Reissue_The_Payment" time="91.448" classname="com.cloud.test.Finance.TC_ReissueThePayment"/>
</testsuite> <!-- com.cloud.test.Finance.TC_ReissueThePayment -->
