<?xml version="1.0" encoding="UTF-8"?>
<!-- Generated by org.testng.reporters.JUnitReportReporter -->
<testsuite skipped="0" hostname="CBR-LAP-DEL2502" name="com.cloud.test.Finance.GL_CreateAdjustmentJournal" tests="1" failures="0" timestamp="01 Feb 2019 10:42:48 GMT" time="89.254" errors="0">
  <testcase name="GL_Create_Adjustment_Journal" time="89.254" classname="com.cloud.test.Finance.GL_CreateAdjustmentJournal"/>
</testsuite> <!-- com.cloud.test.Finance.GL_CreateAdjustmentJournal -->
